Arguments: 
  D:\ruanjian\node\nodejsAZ\node.exe D:\ruanjian\yarn\yarnAZ\bin\yarn.js add babel-register --dev

PATH: 
  C:\Users\Administrator\bin;D:\ruanjian\git\gitAZ\Git\mingw64\bin;D:\ruanjian\git\gitAZ\Git\usr\local\bin;D:\ruanjian\git\gitAZ\Git\usr\bin;D:\ruanjian\git\gitAZ\Git\usr\bin;D:\ruanjian\git\gitAZ\Git\mingw64\bin;D:\ruanjian\git\gitAZ\Git\usr\bin;C:\Users\Administrator\bin;C:\Ruby22\bin;C:\ProgramData\Oracle\Java\javapath;C:\windows\system32;C:\windows;C:\windows\System32\Wbem;C:\windows\System32\WindowsPowerShell\v1.0;D:\jdk\jdk\bin;D:\jdk\jdk\bin;D:\jdk\jdk\jre\bin;D:\ruanjian\ecllipse\tomcat\apache-tomcat-7.0.73\bin;D:\ruanjian\node\nodejsAZ;D:\ruanjian\python\pythonAZ;D:\ruanjian\git\gitAZ\Git\cmd;D:\ruanjian\tortoise\tortoiseAZ\bin;D:\ruanjian\yarn\yarnAZ\bin;C:\Users\Administrator\AppData\Roaming\npm;C:\Users\Administrator\AppData\Local\Yarn\.bin;D:\ruanjian\vsCode\vsAZ\Microsoft VS Code\bin;D:\ruanjian\git\gitAZ\Git\usr\bin\vendor_perl;D:\ruanjian\git\gitAZ\Git\usr\bin\core_perl

Yarn version: 
  0.22.0

Node version: 
  7.9.0

Platform: 
  win32 x64

npm manifest: 
  {
    "name": "webpacktool",
    "version": "1.0.0",
    "main": "index.js",
    "scripts": {
      "test": "echo \"Error: no test specified\" && exit 1"
    },
    "author": "",
    "license": "ISC",
    "devDependencies": {
      "@xinguang/common-tool": "^1.0.12",
      "antd": "^2.9.1",
      "babel-core": "^6.21.0",
      "babel-eslint": "^6.1.2",
      "babel-loader": "^6.2.10",
      "babel-plugin-add-module-exports": "^0.2.1",
      "babel-plugin-import": "^1.1.1",
      "babel-preset-es2015": "^6.18.0",
      "babel-preset-react": "^6.16.0",
      "babel-preset-stage-0": "^6.5.0",
      "babel-preset-stage-1": "^6.5.0",
      "blah": "^3.1.6",
      "browserify": "^13.1.1",
      "css-loader": "^0.26.1",
      "eslint": "^3.19.0",
      "eslint-loader": "^1.7.1",
      "eslint-plugin-react": "^6.10.3",
      "express": "^4.15.2",
      "extract-text-webpack-plugin": "^1.0.1",
      "file-loader": "^0.9.0",
      "install": "^0.8.4",
      "isomorphic-fetch": "^2.2.1",
      "jquery": "^3.1.1",
      "jsx-loader": "^0.13.2",
      "less": "^2.7.2",
      "less-loader": "^4.0.3",
      "node-sass": "^4.5.2",
      "node-xlsx": "^0.7.4",
      "npm": "^4.0.5",
      "postcss-loader": "^1.2.2",
      "react-hot-loader": "^1.3.0",
      "react-redux": "^5.0.4",
      "react-router": "^4.1.1",
      "react-router-dom": "^4.1.1",
      "react-slick": "^0.14.7",
      "reactify": "^1.1.1",
      "redux": "^3.6.0",
      "redux-devtools": "^3.3.2",
      "sass-loader": "^4.1.1",
      "style-loader": "^0.13.1",
      "uglify-js": "^2.7.5",
      "url-loader": "^0.5.7",
      "validator": "^7.0.0",
      "webpack": "^1.14.0",
      "webpack-dev-server": "^1.16.2",
      "webpack-module-hot-accept": "^1.0.4"
    },
    "description": "",
    "dependencies": {
      "react": "^15.4.1",
      "react-dom": "^15.4.1"
    }
  }

yarn manifest: 
  No manifest

Lockfile: 
  No lockfile

Trace: 
  Error: https://registry.npmjs.org/@xinguang%2fcommon-tool: Not found
      at Request.params.callback [as _callback] (D:\ruanjian\yarn\yarnAZ\lib\util\request-manager.js:313:18)
      at Request.self.callback (D:\ruanjian\yarn\yarnAZ\node_modules\request\request.js:187:22)
      at emitTwo (events.js:106:13)
      at Request.emit (events.js:194:7)
      at Request.<anonymous> (D:\ruanjian\yarn\yarnAZ\node_modules\request\request.js:1126:10)
      at emitOne (events.js:96:13)
      at Request.emit (events.js:191:7)
      at IncomingMessage.<anonymous> (D:\ruanjian\yarn\yarnAZ\node_modules\request\request.js:1046:12)
      at Object.onceWrapper (events.js:293:19)
      at emitNone (events.js:91:20)
